2023-10-01T18:38:31.573+03:00  INFO 46780 --- [main] ua.hillel.springdataapp.Main             : Starting Main using Java 17.0.6 with PID 46780 (/Users/nazar/IdeaProjects/hillel-springdata-hw/target/classes started by nazar in /Users/nazar/IdeaProjects/hillel-springdata-hw)
2023-10-01T18:38:31.582+03:00  INFO 46780 --- [main] ua.hillel.springdataapp.Main             : No active profile set, falling back to 1 default profile: "default"
2023-10-01T18:38:32.323+03:00  INFO 46780 --- [main] .s.d.r.c.RepositoryConfigurationDelegate : Bootstrapping Spring Data JPA repositories in DEFAULT mode.
2023-10-01T18:38:32.384+03:00  INFO 46780 --- [main] .s.d.r.c.RepositoryConfigurationDelegate : Finished Spring Data repository scanning in 48 ms. Found 2 JPA repository interfaces.
2023-10-01T18:38:33.689+03:00  INFO 46780 --- [main] o.s.b.w.embedded.tomcat.TomcatWebServer  : Tomcat initialized with port(s): 8050 (http)
2023-10-01T18:38:33.707+03:00  INFO 46780 --- [main] o.apache.catalina.core.StandardService   : Starting service [Tomcat]
2023-10-01T18:38:33.707+03:00  INFO 46780 --- [main] o.apache.catalina.core.StandardEngine    : Starting Servlet engine: [Apache Tomcat/10.1.7]
2023-10-01T18:38:33.870+03:00  INFO 46780 --- [main] o.a.c.c.C.[Tomcat].[localhost].[/]       : Initializing Spring embedded WebApplicationContext
2023-10-01T18:38:33.871+03:00  INFO 46780 --- [main] w.s.c.ServletWebServerApplicationContext : Root WebApplicationContext: initialization completed in 2119 ms
2023-10-01T18:38:34.061+03:00  INFO 46780 --- [main] com.zaxxer.hikari.HikariDataSource       : HikariPool-1 - Starting...
2023-10-01T18:38:34.434+03:00  INFO 46780 --- [main] com.zaxxer.hikari.pool.HikariPool        : HikariPool-1 - Added connection com.mysql.cj.jdbc.ConnectionImpl@7d42404e
2023-10-01T18:38:34.437+03:00  INFO 46780 --- [main] com.zaxxer.hikari.HikariDataSource       : HikariPool-1 - Start completed.
2023-10-01T18:38:34.513+03:00  INFO 46780 --- [main] o.hibernate.jpa.internal.util.LogHelper  : HHH000204: Processing PersistenceUnitInfo [name: default]
2023-10-01T18:38:34.666+03:00  INFO 46780 --- [main] org.hibernate.Version                    : HHH000412: Hibernate ORM core version 6.1.7.Final
2023-10-01T18:38:35.179+03:00  INFO 46780 --- [main] SQL dialect                              : HHH000400: Using dialect: org.hibernate.dialect.MySQLDialect
2023-10-01T18:38:36.043+03:00  INFO 46780 --- [main] o.h.e.t.j.p.i.JtaPlatformInitiator       : HHH000490: Using JtaPlatform implementation: [org.hibernate.engine.transaction.jta.platform.internal.NoJtaPlatform]
2023-10-01T18:38:36.061+03:00  INFO 46780 --- [main] j.LocalContainerEntityManagerFactoryBean : Initialized JPA EntityManagerFactory for persistence unit 'default'
2023-10-01T18:38:36.427+03:00  WARN 46780 --- [main] JpaBaseConfiguration$JpaWebConfiguration : spring.jpa.open-in-view is enabled by default. Therefore, database queries may be performed during view rendering. Explicitly configure spring.jpa.open-in-view to disable this warning
2023-10-01T18:38:36.786+03:00  INFO 46780 --- [main] o.s.b.w.embedded.tomcat.TomcatWebServer  : Tomcat started on port(s): 8050 (http) with context path ''
2023-10-01T18:38:36.797+03:00  INFO 46780 --- [main] ua.hillel.springdataapp.Main             : Started Main in 6.432 seconds (process running for 7.327)
2023-10-01T18:38:43.660+03:00  INFO 46780 --- [http-nio-8050-exec-2] o.a.c.c.C.[Tomcat].[localhost].[/]       : Initializing Spring DispatcherServlet 'dispatcherServlet'
2023-10-01T18:38:43.662+03:00  INFO 46780 --- [http-nio-8050-exec-2] o.s.web.servlet.DispatcherServlet        : Initializing Servlet 'dispatcherServlet'
2023-10-01T18:38:43.666+03:00  INFO 46780 --- [http-nio-8050-exec-2] o.s.web.servlet.DispatcherServlet        : Completed initialization in 3 ms
2023-10-01T18:38:43.726+03:00  INFO 46780 --- [http-nio-8050-exec-2] u.h.s.controller.OrderController         : OrderController getAllOrders
2023-10-01T18:38:43.728+03:00  INFO 46780 --- [http-nio-8050-exec-2] u.h.s.service.OrderServiceDefault        : OrderServiceDefault getAllOrders method invoke
2023-10-01T18:38:53.308+03:00  INFO 46780 --- [http-nio-8050-exec-3] u.h.s.controller.OrderController         : OrderController grtOrderById
2023-10-01T18:38:53.309+03:00  INFO 46780 --- [http-nio-8050-exec-3] u.h.s.service.OrderServiceDefault        : OrderServiceDefault getOrderById method invoke
2023-10-01T18:39:04.021+03:00  INFO 46780 --- [http-nio-8050-exec-4] u.h.s.controller.OrderController         : OrderController grtOrderById
2023-10-01T18:39:04.022+03:00  INFO 46780 --- [http-nio-8050-exec-4] u.h.s.service.OrderServiceDefault        : OrderServiceDefault getOrderById method invoke
2023-10-01T18:39:04.032+03:00 ERROR 46780 --- [http-nio-8050-exec-4] u.h.s.e.g.GlobalExceptionHandler         : Exception jakarta.persistence.EntityNotFoundException: order with id:99 is not found occurred
2023-10-01T18:39:29.687+03:00  INFO 46780 --- [http-nio-8050-exec-6] u.h.s.controller.OrderController         : OrderController saveOrder
2023-10-01T18:39:29.687+03:00  INFO 46780 --- [http-nio-8050-exec-6] u.h.s.service.OrderServiceDefault        : addOrder method invoke
2023-10-01T18:39:29.688+03:00  INFO 46780 --- [http-nio-8050-exec-6] u.h.s.service.OrderServiceDefault        : addOrder counting cost of order
2023-10-01T18:39:29.688+03:00  INFO 46780 --- [http-nio-8050-exec-6] u.h.s.service.OrderServiceDefault        : addOrder adding user
2023-10-01T18:39:55.961+03:00  INFO 46780 --- [http-nio-8050-exec-8] u.h.s.controller.OrderController         : OrderController grtOrderById
2023-10-01T18:39:55.966+03:00  INFO 46780 --- [http-nio-8050-exec-8] u.h.s.service.OrderServiceDefault        : OrderServiceDefault getOrderById method invoke
2023-10-01T18:40:09.998+03:00  INFO 46780 --- [http-nio-8050-exec-9] u.h.s.service.OrderServiceDefault        : removeOrder method invoke
2023-10-01T18:40:15.544+03:00  INFO 46780 --- [http-nio-8050-exec-10] u.h.s.controller.OrderController         : OrderController grtOrderById
2023-10-01T18:40:15.546+03:00  INFO 46780 --- [http-nio-8050-exec-10] u.h.s.service.OrderServiceDefault        : OrderServiceDefault getOrderById method invoke
2023-10-01T18:40:15.555+03:00 ERROR 46780 --- [http-nio-8050-exec-10] u.h.s.e.g.GlobalExceptionHandler         : Exception jakarta.persistence.EntityNotFoundException: order with id:48 is not found occurred
2023-10-01T18:40:30.919+03:00  INFO 46780 --- [SpringApplicationShutdownHook] j.LocalContainerEntityManagerFactoryBean : Closing JPA EntityManagerFactory for persistence unit 'default'
2023-10-01T18:40:30.933+03:00  INFO 46780 --- [SpringApplicationShutdownHook] com.zaxxer.hikari.HikariDataSource       : HikariPool-1 - Shutdown initiated...
2023-10-01T18:40:30.954+03:00  INFO 46780 --- [SpringApplicationShutdownHook] com.zaxxer.hikari.HikariDataSource       : HikariPool-1 - Shutdown completed.
